usage: manage.py runserver [-h] [--ipv6] [--nothreading] [--noreload]
                           [--nostatic] [--insecure] [--version]
                           [--settings SETTINGS] [--pythonpath PYTHONPATH]
                           [--no-color] [--force-color] [--skip-checks]
                           [addrport]
manage.py runserver: error: unrecognized arguments: ant
Watching for file changes with StatReloader
Performing system checks...

System check identified some issues:

WARNINGS:
todos.Todo: (models.W042) Auto-created primary key used when not defining a primary key type, by default 'django.db.models.AutoField'.
	HINT: Configure the DEFAULT_AUTO_FIELD setting or the TodosConfig.default_auto_field attribute to point to a subclass of AutoField, e.g. 'django.db.models.BigAutoField'.

System check identified 1 issue (0 silenced).
March 28, 2023 - 22:26:26
Django version 4.1.7, using settings 'todoApp.settings'
Starting development server at http://0.0.0.0:8000/
Quit the server with CONTROL-C.
[28/Mar/2023 22:26:35] "GET / HTTP/1.1" 302 0
[28/Mar/2023 22:26:35] "GET /todos HTTP/1.1" 301 0
[28/Mar/2023 22:26:35] "GET /todos/ HTTP/1.1" 200 4139
[28/Mar/2023 22:26:36] "GET /static/css/style.css HTTP/1.1" 304 0
